<?xml version="1.0" encoding="UTF-8"?>
<testng-results ignored="0" total="4" passed="4" failed="0" skipped="0">
  <reporter-output>
  </reporter-output>
  <suite started-at="2021-06-28T10:19:01 IST" name="Default suite" finished-at="2021-06-28T10:19:02 IST" duration-ms="900">
    <groups>
    </groups>
    <test started-at="2021-06-28T10:19:01 IST" name="Default test" finished-at="2021-06-28T10:19:02 IST" duration-ms="900">
      <class name="demo_ddt">
        <test-method signature="test5(java.lang.String,java.lang.String)[pri:0, instance:demo_ddt@1534f01b]" started-at="2021-06-28T10:19:02 IST" name="test5" data-provider="dp1" finished-at="2021-06-28T10:19:02 IST" duration-ms="10" status="PASS">
          <params>
            <param index="0">
              <value>
                <![CDATA[Nupur]]>
              </value>
            </param>
            <param index="1">
              <value>
                <![CDATA[20000.0]]>
              </value>
            </param>
          </params>
          <reporter-output>
          </reporter-output>
        </test-method> <!-- test5 -->
        <test-method signature="test5(java.lang.String,java.lang.String)[pri:0, instance:demo_ddt@1534f01b]" started-at="2021-06-28T10:19:02 IST" name="test5" data-provider="dp1" finished-at="2021-06-28T10:19:02 IST" duration-ms="2" status="PASS">
          <params>
            <param index="0">
              <value>
                <![CDATA[Ganesh]]>
              </value>
            </param>
            <param index="1">
              <value>
                <![CDATA[30000.0]]>
              </value>
            </param>
          </params>
          <reporter-output>
          </reporter-output>
        </test-method> <!-- test5 -->
        <test-method signature="test5(java.lang.String,java.lang.String)[pri:0, instance:demo_ddt@1534f01b]" started-at="2021-06-28T10:19:02 IST" name="test5" data-provider="dp1" finished-at="2021-06-28T10:19:02 IST" duration-ms="2" status="PASS">
          <params>
            <param index="0">
              <value>
                <![CDATA[Mayuresh]]>
              </value>
            </param>
            <param index="1">
              <value>
                <![CDATA[50000.0]]>
              </value>
            </param>
          </params>
          <reporter-output>
          </reporter-output>
        </test-method> <!-- test5 -->
        <test-method signature="test5(java.lang.String,java.lang.String)[pri:0, instance:demo_ddt@1534f01b]" started-at="2021-06-28T10:19:02 IST" name="test5" data-provider="dp1" finished-at="2021-06-28T10:19:02 IST" duration-ms="2" status="PASS">
          <params>
            <param index="0">
              <value>
                <![CDATA[SLK]]>
              </value>
            </param>
            <param index="1">
              <value>
                <![CDATA[111222.0]]>
              </value>
            </param>
          </params>
          <reporter-output>
          </reporter-output>
        </test-method> <!-- test5 -->
      </class> <!-- demo_ddt -->
    </test> <!-- Default test -->
  </suite> <!-- Default suite -->
</testng-results>
