<?xml version="1.0" encoding="UTF-8"?>
<!-- Generated by org.testng.reporters.JUnitXMLReporter -->
<testsuite ignored="0" hostname="Ravi-PC" failures="0" tests="4" name="Default test" time="0.9" errors="0" timestamp="2021-06-28T10:19:02 IST">
  <testcase classname="demo_ddt" name="test5" time="0.01"/>
  <testcase classname="demo_ddt" name="test5" time="0.002"/>
  <testcase classname="demo_ddt" name="test5" time="0.002"/>
  <testcase classname="demo_ddt" name="test5" time="0.002"/>
</testsuite> <!-- Default test -->
